<?xml version="1.0" encoding="UTF-8"?>
<!-- Generated by org.testng.reporters.JUnitReportReporter -->
<testsuite skipped="0" hostname="LAPTOP-3JATF43P" name="org.example.testRunner.runners" tests="1" failures="0" timestamp="2022-11-30T15:59:24 EET" time="9.759" errors="0">
  <testcase name="runScenario" time="9.759" classname="org.example.testRunner.runners"/>
  <system-out/>
</testsuite> <!-- org.example.testRunner.runners -->
